[2026-02-06 13:25:43] SUCCESS: System caches
[2026-02-06 13:28:48] SUCCESS: System temp files
[2026-02-06 13:28:48] SUCCESS: System crash reports
[2026-02-06 13:28:49] SUCCESS: System logs
[2026-02-06 13:28:58] SUCCESS: System diagnostic logs
[2026-02-06 13:28:58] SUCCESS: System diagnostic trace logs
[2026-02-06 13:42:35] SUCCESS: System caches
[2026-02-06 13:42:36] SUCCESS: System temp files
[2026-02-06 13:42:36] SUCCESS: System crash reports
[2026-02-06 13:42:36] SUCCESS: System logs
[2026-02-06 13:42:41] SUCCESS: System diagnostic logs
[2026-02-06 13:42:41] SUCCESS: System diagnostic trace logs
[2026-02-24 13:29:31] SUCCESS: System caches
[2026-02-24 13:29:32] SUCCESS: System temp files
[2026-02-24 13:29:32] SUCCESS: System crash reports
[2026-02-24 13:29:32] SUCCESS: System logs
[2026-02-24 13:29:38] SUCCESS: System diagnostic logs
[2026-02-24 13:29:38] SUCCESS: System diagnostic trace logs
[2026-03-09 08:38:57] SUCCESS: System caches
[2026-03-09 08:38:57] SUCCESS: System temp files
[2026-03-09 08:38:58] SUCCESS: System crash reports
[2026-03-09 08:38:58] SUCCESS: System logs
[2026-03-09 08:39:03] SUCCESS: Browser code signature caches, 1 items
[2026-03-09 08:39:05] SUCCESS: System diagnostic logs
[2026-03-09 08:39:05] SUCCESS: System diagnostic trace logs
[2026-03-14 10:17:22] SUCCESS: System caches
[2026-03-14 10:17:22] SUCCESS: System temp files
[2026-03-14 10:17:22] SUCCESS: System crash reports
[2026-03-14 10:17:22] SUCCESS: System logs
[2026-03-14 10:17:28] SUCCESS: Browser code signature caches, 1 items
[2026-03-14 10:17:29] SUCCESS: System diagnostic logs
[2026-03-14 10:17:29] SUCCESS: System diagnostic trace logs
[2026-03-23 09:40:07] SUCCESS: System caches
[2026-03-23 09:40:07] SUCCESS: System temp files
[2026-03-23 09:40:07] SUCCESS: System crash reports
[2026-03-23 09:40:08] SUCCESS: System logs
[2026-03-23 09:40:13] SUCCESS: Browser code signature caches, 1 items
[2026-03-23 09:40:15] SUCCESS: System diagnostic logs
[2026-03-23 09:40:15] SUCCESS: System diagnostic trace logs
[2026-03-24 10:15:05] SUCCESS: System caches
[2026-03-24 10:15:05] SUCCESS: System temp files
[2026-03-24 10:15:05] SUCCESS: System crash reports
[2026-03-24 10:15:05] SUCCESS: System logs
[2026-03-24 10:15:11] SUCCESS: Browser code signature caches, 1 items
[2026-03-24 10:15:11] SUCCESS: System diagnostic logs
[2026-03-24 10:15:11] SUCCESS: System diagnostic trace logs
[2026-03-25 14:09:52] SUCCESS: System caches
[2026-03-25 14:09:52] SUCCESS: System temp files
[2026-03-25 14:09:52] SUCCESS: System crash reports
[2026-03-25 14:09:53] SUCCESS: System logs
[2026-03-25 14:09:58] SUCCESS: System diagnostic logs
[2026-03-25 14:09:59] SUCCESS: System diagnostic trace logs
[2026-03-25 17:43:39] SUCCESS: System caches
[2026-03-25 17:43:39] SUCCESS: System temp files
[2026-03-25 17:43:39] SUCCESS: System crash reports
[2026-03-25 17:43:39] SUCCESS: System logs
[2026-03-25 17:43:44] SUCCESS: System diagnostic logs
[2026-03-25 17:43:45] SUCCESS: System diagnostic trace logs
[2026-03-26 11:40:11] SUCCESS: System caches
[2026-03-26 11:40:11] SUCCESS: System temp files
[2026-03-26 11:40:11] SUCCESS: System crash reports
[2026-03-26 11:40:11] SUCCESS: System logs
[2026-03-26 11:40:17] SUCCESS: Browser code signature caches, 1 items
[2026-03-26 11:40:17] SUCCESS: System diagnostic logs
[2026-03-26 11:40:17] SUCCESS: System diagnostic trace logs
[2026-04-06 13:24:50] SUCCESS: System caches
[2026-04-06 13:24:51] SUCCESS: System temp files
[2026-04-06 13:24:51] SUCCESS: System crash reports
[2026-04-06 13:24:52] SUCCESS: System logs
[2026-04-06 13:24:57] SUCCESS: Browser code signature caches, 1 items
[2026-04-06 13:24:58] SUCCESS: System diagnostic logs
[2026-04-06 13:24:59] SUCCESS: System diagnostic trace logs
[2026-04-10 09:19:06] SUCCESS: System caches
[2026-04-10 09:19:07] SUCCESS: System temp files
[2026-04-10 09:19:07] SUCCESS: System crash reports
[2026-04-10 09:19:07] SUCCESS: System logs
[2026-04-10 09:19:13] SUCCESS: System diagnostic logs
[2026-04-10 09:19:13] SUCCESS: System diagnostic trace logs
